<?xml version="1.0" encoding="UTF-8"?>
<testng-results skipped="0" failed="0" ignored="0" total="1" passed="1">
  <reporter-output>
    <line>
      <![CDATA[@BeforeSuite - SetupSuite(): Setting up reports and Test is getting ready]]>
    </line>
    <line>
      <![CDATA[@BeforeSuite - SetupSuite(): Setting up reports done and Test can be started]]>
    </line>
    <line>
      <![CDATA[@BeforeClass - Startup(): Trying to start Browser and getting application ready]]>
    </line>
    <line>
      <![CDATA[@BeforeClass - Startup(): Browser and Application are up and running]]>
    </line>
    <line>
      <![CDATA[loginApp(): Starting]]>
    </line>
    <line>
      <![CDATA[loginToCRM(): Starting]]>
    </line>
    <line>
      <![CDATA[loginToCRM(): Finished]]>
    </line>
    <line>
      <![CDATA[loginApp(): Finished]]>
    </line>
    <line>
      <![CDATA[@AfterMethod - tearDownMethod(): starting]]>
    </line>
    <line>
      <![CDATA[@AfterMethod - tearDownMethod(): finished]]>
    </line>
    <line>
      <![CDATA[@AfterClass - tearDown(): Test is about to end]]>
    </line>
    <line>
      <![CDATA[@AfterClass - tearDown():Test completed >> Reports generated]]>
    </line>
  </reporter-output>
  <suite name="Suite" duration-ms="35569" started-at="2021-07-22T17:25:49Z" finished-at="2021-07-22T17:26:25Z">
    <groups>
    </groups>
    <test name="Test" duration-ms="35569" started-at="2021-07-22T17:25:49Z" finished-at="2021-07-22T17:26:25Z">
      <class name="com.learnautomation.testcases.LoginTestCRM">
        <test-method status="PASS" signature="SetupSuite()[pri:0, instance:com.learnautomation.testcases.LoginTestCRM@475e586c]" name="SetupSuite" is-config="true" duration-ms="799" started-at="2021-07-22T17:25:48Z" finished-at="2021-07-22T17:25:49Z">
          <reporter-output>
            <line>
              <![CDATA[@BeforeSuite - SetupSuite(): Setting up reports and Test is getting ready]]>
            </line>
            <line>
              <![CDATA[@BeforeSuite - SetupSuite(): Setting up reports done and Test can be started]]>
            </line>
          </reporter-output>
        </test-method> <!-- SetupSuite -->
        <test-method status="PASS" signature="startup()[pri:0, instance:com.learnautomation.testcases.LoginTestCRM@475e586c]" name="startup" is-config="true" duration-ms="9914" started-at="2021-07-22T17:25:49Z" finished-at="2021-07-22T17:25:59Z">
          <reporter-output>
            <line>
              <![CDATA[@BeforeClass - Startup(): Trying to start Browser and getting application ready]]>
            </line>
            <line>
              <![CDATA[@BeforeClass - Startup(): Browser and Application are up and running]]>
            </line>
          </reporter-output>
        </test-method> <!-- startup -->
        <test-method status="PASS" signature="loginApp()[pri:1, instance:com.learnautomation.testcases.LoginTestCRM@475e586c]" name="loginApp" duration-ms="19379" started-at="2021-07-22T17:25:59Z" finished-at="2021-07-22T17:26:19Z">
          <reporter-output>
            <line>
              <![CDATA[loginApp(): Starting]]>
            </line>
            <line>
              <![CDATA[loginToCRM(): Starting]]>
            </line>
            <line>
              <![CDATA[loginToCRM(): Finished]]>
            </line>
            <line>
              <![CDATA[loginApp(): Finished]]>
            </line>
          </reporter-output>
        </test-method> <!-- loginApp -->
        <test-method status="PASS" signature="tearDownMethod(org.testng.ITestResult)[pri:0, instance:com.learnautomation.testcases.LoginTestCRM@475e586c]" name="tearDownMethod" is-config="true" duration-ms="133" started-at="2021-07-22T17:26:19Z" finished-at="2021-07-22T17:26:19Z">
          <params>
            <param index="0">
              <value>
                <![CDATA[[TestResult name=loginApp status=SUCCESS method=LoginTestCRM.loginApp()[pri:1, instance:com.learnautomation.testcases.LoginTestCRM@475e586c] output=loginApp(): Starting]]]>
              </value>
            </param>
          </params>
          <reporter-output>
            <line>
              <![CDATA[@AfterMethod - tearDownMethod(): starting]]>
            </line>
            <line>
              <![CDATA[@AfterMethod - tearDownMethod(): finished]]>
            </line>
          </reporter-output>
        </test-method> <!-- tearDownMethod -->
        <test-method status="PASS" signature="tearDown()[pri:0, instance:com.learnautomation.testcases.LoginTestCRM@475e586c]" name="tearDown" is-config="true" duration-ms="6118" started-at="2021-07-22T17:26:19Z" finished-at="2021-07-22T17:26:25Z">
          <reporter-output>
            <line>
              <![CDATA[@AfterClass - tearDown(): Test is about to end]]>
            </line>
            <line>
              <![CDATA[@AfterClass - tearDown():Test completed >> Reports generated]]>
            </line>
          </reporter-output>
        </test-method> <!-- tearDown -->
      </class> <!-- com.learnautomation.testcases.LoginTestCRM -->
    </test> <!-- Test -->
  </suite> <!-- Suite -->
</testng-results>
